<?xml version="1.0" encoding="UTF-8"?>
<coverage generated="1669604403520" clover="3.2.0">
  <project timestamp="1669604403520" name="All files">
    <metrics statements="46" coveredstatements="37" conditionals="8" coveredconditionals="3" methods="13" coveredmethods="11" elements="67" coveredelements="51" complexity="0" loc="46" ncloc="46" packages="1" files="1" classes="1"/>
    <file name="testPractice.js" path="/Users/carson/repos/Odin_projects/Odin-Testing-Practice/testPractice.js">
      <metrics statements="46" coveredstatements="37" conditionals="8" coveredconditionals="3" methods="13" coveredmethods="11"/>
      <line num="2" count="1" type="stmt"/>
      <line num="6" count="1" type="stmt"/>
      <line num="7" count="1" type="stmt"/>
      <line num="8" count="5" type="stmt"/>
      <line num="10" count="1" type="stmt"/>
      <line num="13" count="1" type="stmt"/>
      <line num="15" count="1" type="stmt"/>
      <line num="16" count="1" type="stmt"/>
      <line num="20" count="1" type="stmt"/>
      <line num="21" count="1" type="stmt"/>
      <line num="25" count="1" type="stmt"/>
      <line num="26" count="1" type="stmt"/>
      <line num="30" count="1" type="stmt"/>
      <line num="31" count="1" type="stmt"/>
      <line num="36" count="2" type="stmt"/>
      <line num="94" count="2" type="stmt"/>
      <line num="95" count="2" type="stmt"/>
      <line num="96" count="9" type="cond" truecount="2" falsecount="0"/>
      <line num="97" count="1" type="stmt"/>
      <line num="98" count="8" type="cond" truecount="1" falsecount="1"/>
      <line num="99" count="0" type="stmt"/>
      <line num="101" count="8" type="stmt"/>
      <line num="102" count="8" type="stmt"/>
      <line num="103" count="8" type="stmt"/>
      <line num="104" count="144" type="stmt"/>
      <line num="106" count="8" type="stmt"/>
      <line num="109" count="9" type="stmt"/>
      <line num="111" count="2" type="stmt"/>
      <line num="115" count="6" type="stmt"/>
      <line num="117" count="1" type="stmt"/>
      <line num="119" count="1" type="stmt"/>
      <line num="120" count="5" type="stmt"/>
      <line num="123" count="1" type="stmt"/>
      <line num="124" count="5" type="stmt"/>
      <line num="127" count="1" type="stmt"/>
      <line num="129" count="1" type="stmt"/>
      <line num="136" count="1" type="stmt"/>
      <line num="140" count="0" type="stmt"/>
      <line num="141" count="0" type="stmt"/>
      <line num="142" count="0" type="cond" truecount="0" falsecount="2"/>
      <line num="144" count="0" type="stmt"/>
      <line num="147" count="0" type="stmt"/>
      <line num="148" count="0" type="stmt"/>
      <line num="149" count="0" type="cond" truecount="0" falsecount="2"/>
      <line num="151" count="0" type="stmt"/>
      <line num="154" count="1" type="stmt"/>
    </file>
  </project>
</coverage>
