{"/Users/carson/repos/Odin_projects/Odin-Testing-Practice/testPractice.js": {"path":"/Users/carson/repos/Odin_projects/Odin-Testing-Practice/testPractice.js","statementMap":{"0":{"start":{"line":2,"column":2},"end":{"line":2,"column":58}},"1":{"start":{"line":5,"column":0},"end":{"line":5,"column":28}}},"fnMap":{"0":{"name":"capitalize","decl":{"start":{"line":1,"column":9},"end":{"line":1,"column":19}},"loc":{"start":{"line":1,"column":28},"end":{"line":3,"column":1}},"line":1}},"branchMap":{},"s":{"0":1,"1":1},"f":{"0":1},"b":{},"_coverageSchema":"1a1c01bbd47fc00a2c39e90264f33305004495a9","hash":"3f733078e6089c2e86003a775c54d1ff8cb4e8b8"}
}
