{"/Users/carson/repos/Odin_projects/Odin-Testing-Practice/testPractice.js": {"path":"/Users/carson/repos/Odin_projects/Odin-Testing-Practice/testPractice.js","statementMap":{"0":{"start":{"line":2,"column":2},"end":{"line":2,"column":58}},"1":{"start":{"line":6,"column":18},"end":{"line":6,"column":20}},"2":{"start":{"line":7,"column":2},"end":{"line":9,"column":3}},"3":{"start":{"line":7,"column":15},"end":{"line":7,"column":29}},"4":{"start":{"line":8,"column":4},"end":{"line":8,"column":24}},"5":{"start":{"line":10,"column":2},"end":{"line":10,"column":19}},"6":{"start":{"line":13,"column":19},"end":{"line":33,"column":1}},"7":{"start":{"line":15,"column":14},"end":{"line":15,"column":19}},"8":{"start":{"line":16,"column":4},"end":{"line":16,"column":15}},"9":{"start":{"line":20,"column":14},"end":{"line":20,"column":19}},"10":{"start":{"line":21,"column":4},"end":{"line":21,"column":15}},"11":{"start":{"line":25,"column":17},"end":{"line":25,"column":22}},"12":{"start":{"line":26,"column":4},"end":{"line":26,"column":18}},"13":{"start":{"line":30,"column":18},"end":{"line":30,"column":23}},"14":{"start":{"line":31,"column":4},"end":{"line":31,"column":19}},"15":{"start":{"line":36,"column":17},"end":{"line":89,"column":3}},"16":{"start":{"line":94,"column":19},"end":{"line":94,"column":21}},"17":{"start":{"line":95,"column":2},"end":{"line":110,"column":3}},"18":{"start":{"line":95,"column":15},"end":{"line":95,"column":16}},"19":{"start":{"line":96,"column":4},"end":{"line":107,"column":5}},"20":{"start":{"line":97,"column":6},"end":{"line":97,"column":36}},"21":{"start":{"line":98,"column":11},"end":{"line":107,"column":5}},"22":{"start":{"line":99,"column":6},"end":{"line":99,"column":37}},"23":{"start":{"line":101,"column":14},"end":{"line":101,"column":15}},"24":{"start":{"line":102,"column":6},"end":{"line":102,"column":32}},"25":{"start":{"line":103,"column":6},"end":{"line":105,"column":7}},"26":{"start":{"line":104,"column":8},"end":{"line":104,"column":12}},"27":{"start":{"line":106,"column":6},"end":{"line":106,"column":40}},"28":{"start":{"line":109,"column":4},"end":{"line":109,"column":34}},"29":{"start":{"line":111,"column":2},"end":{"line":111,"column":20}},"30":{"start":{"line":115,"column":14},"end":{"line":115,"column":56}},"31":{"start":{"line":115,"column":42},"end":{"line":115,"column":52}},"32":{"start":{"line":117,"column":18},"end":{"line":117,"column":36}},"33":{"start":{"line":119,"column":14},"end":{"line":121,"column":4}},"34":{"start":{"line":120,"column":4},"end":{"line":120,"column":39}},"35":{"start":{"line":123,"column":14},"end":{"line":125,"column":4}},"36":{"start":{"line":124,"column":4},"end":{"line":124,"column":39}},"37":{"start":{"line":127,"column":17},"end":{"line":127,"column":29}},"38":{"start":{"line":129,"column":24},"end":{"line":134,"column":3}},"39":{"start":{"line":136,"column":2},"end":{"line":136,"column":23}},"40":{"start":{"line":140,"column":17},"end":{"line":140,"column":25}},"41":{"start":{"line":141,"column":2},"end":{"line":143,"column":3}},"42":{"start":{"line":141,"column":15},"end":{"line":141,"column":16}},"43":{"start":{"line":142,"column":4},"end":{"line":142,"column":49}},"44":{"start":{"line":142,"column":29},"end":{"line":142,"column":49}},"45":{"start":{"line":144,"column":2},"end":{"line":144,"column":18}},"46":{"start":{"line":147,"column":16},"end":{"line":147,"column":24}},"47":{"start":{"line":148,"column":2},"end":{"line":150,"column":3}},"48":{"start":{"line":148,"column":15},"end":{"line":148,"column":16}},"49":{"start":{"line":149,"column":4},"end":{"line":149,"column":47}},"50":{"start":{"line":149,"column":28},"end":{"line":149,"column":47}},"51":{"start":{"line":151,"column":2},"end":{"line":151,"column":17}},"52":{"start":{"line":154,"column":0},"end":{"line":160,"column":2}}},"fnMap":{"0":{"name":"capitalize","decl":{"start":{"line":1,"column":9},"end":{"line":1,"column":19}},"loc":{"start":{"line":1,"column":28},"end":{"line":3,"column":1}},"line":1},"1":{"name":"reverseString","decl":{"start":{"line":5,"column":9},"end":{"line":5,"column":22}},"loc":{"start":{"line":5,"column":28},"end":{"line":11,"column":1}},"line":5},"2":{"name":"(anonymous_2)","decl":{"start":{"line":14,"column":2},"end":{"line":14,"column":3}},"loc":{"start":{"line":14,"column":12},"end":{"line":17,"column":3}},"line":14},"3":{"name":"(anonymous_3)","decl":{"start":{"line":19,"column":2},"end":{"line":19,"column":3}},"loc":{"start":{"line":19,"column":17},"end":{"line":22,"column":3}},"line":19},"4":{"name":"(anonymous_4)","decl":{"start":{"line":24,"column":2},"end":{"line":24,"column":3}},"loc":{"start":{"line":24,"column":15},"end":{"line":27,"column":3}},"line":24},"5":{"name":"(anonymous_5)","decl":{"start":{"line":29,"column":2},"end":{"line":29,"column":3}},"loc":{"start":{"line":29,"column":17},"end":{"line":32,"column":3}},"line":29},"6":{"name":"caesarCipher","decl":{"start":{"line":35,"column":9},"end":{"line":35,"column":21}},"loc":{"start":{"line":35,"column":30},"end":{"line":112,"column":1}},"line":35},"7":{"name":"analyzeArray","decl":{"start":{"line":114,"column":9},"end":{"line":114,"column":21}},"loc":{"start":{"line":114,"column":29},"end":{"line":137,"column":1}},"line":114},"8":{"name":"(anonymous_8)","decl":{"start":{"line":115,"column":27},"end":{"line":115,"column":28}},"loc":{"start":{"line":115,"column":42},"end":{"line":115,"column":52}},"line":115},"9":{"name":"(anonymous_9)","decl":{"start":{"line":119,"column":27},"end":{"line":119,"column":28}},"loc":{"start":{"line":119,"column":50},"end":{"line":121,"column":3}},"line":119},"10":{"name":"(anonymous_10)","decl":{"start":{"line":123,"column":27},"end":{"line":123,"column":28}},"loc":{"start":{"line":123,"column":50},"end":{"line":125,"column":3}},"line":123},"11":{"name":"min","decl":{"start":{"line":139,"column":9},"end":{"line":139,"column":12}},"loc":{"start":{"line":139,"column":20},"end":{"line":145,"column":1}},"line":139},"12":{"name":"max","decl":{"start":{"line":146,"column":9},"end":{"line":146,"column":12}},"loc":{"start":{"line":146,"column":20},"end":{"line":152,"column":1}},"line":146}},"branchMap":{"0":{"loc":{"start":{"line":96,"column":4},"end":{"line":107,"column":5}},"type":"if","locations":[{"start":{"line":96,"column":4},"end":{"line":107,"column":5}},{"start":{"line":98,"column":11},"end":{"line":107,"column":5}}],"line":96},"1":{"loc":{"start":{"line":98,"column":11},"end":{"line":107,"column":5}},"type":"if","locations":[{"start":{"line":98,"column":11},"end":{"line":107,"column":5}},{"start":{"line":100,"column":11},"end":{"line":107,"column":5}}],"line":98},"2":{"loc":{"start":{"line":142,"column":4},"end":{"line":142,"column":49}},"type":"if","locations":[{"start":{"line":142,"column":4},"end":{"line":142,"column":49}},{"start":{},"end":{}}],"line":142},"3":{"loc":{"start":{"line":149,"column":4},"end":{"line":149,"column":47}},"type":"if","locations":[{"start":{"line":149,"column":4},"end":{"line":149,"column":47}},{"start":{},"end":{}}],"line":149}},"s":{"0":1,"1":1,"2":1,"3":1,"4":5,"5":1,"6":1,"7":1,"8":1,"9":1,"10":1,"11":1,"12":1,"13":1,"14":1,"15":2,"16":2,"17":2,"18":2,"19":9,"20":1,"21":8,"22":0,"23":8,"24":8,"25":8,"26":144,"27":8,"28":9,"29":2,"30":1,"31":6,"32":1,"33":1,"34":5,"35":1,"36":5,"37":1,"38":1,"39":1,"40":0,"41":0,"42":0,"43":0,"44":0,"45":0,"46":0,"47":0,"48":0,"49":0,"50":0,"51":0,"52":1},"f":{"0":1,"1":1,"2":1,"3":1,"4":1,"5":1,"6":2,"7":1,"8":6,"9":5,"10":5,"11":0,"12":0},"b":{"0":[1,8],"1":[0,8],"2":[0,0],"3":[0,0]},"_coverageSchema":"1a1c01bbd47fc00a2c39e90264f33305004495a9","hash":"8f79eb864ec389eebe90d54c1b6e0bedaf9f5524"}
}
