TN:
SF:testPractice.js
FN:1,capitalize
FN:5,reverseString
FN:14,(anonymous_2)
FN:19,(anonymous_3)
FN:24,(anonymous_4)
FN:29,(anonymous_5)
FN:35,caesarCipher
FN:114,analyzeArray
FN:115,(anonymous_8)
FN:119,(anonymous_9)
FN:123,(anonymous_10)
FN:139,min
FN:146,max
FNF:13
FNH:11
FNDA:1,capitalize
FNDA:1,reverseString
FNDA:1,(anonymous_2)
FNDA:1,(anonymous_3)
FNDA:1,(anonymous_4)
FNDA:1,(anonymous_5)
FNDA:2,caesarCipher
FNDA:1,analyzeArray
FNDA:6,(anonymous_8)
FNDA:5,(anonymous_9)
FNDA:5,(anonymous_10)
FNDA:0,min
FNDA:0,max
DA:2,1
DA:6,1
DA:7,1
DA:8,5
DA:10,1
DA:13,1
DA:15,1
DA:16,1
DA:20,1
DA:21,1
DA:25,1
DA:26,1
DA:30,1
DA:31,1
DA:36,2
DA:94,2
DA:95,2
DA:96,9
DA:97,1
DA:98,8
DA:99,0
DA:101,8
DA:102,8
DA:103,8
DA:104,144
DA:106,8
DA:109,9
DA:111,2
DA:115,6
DA:117,1
DA:119,1
DA:120,5
DA:123,1
DA:124,5
DA:127,1
DA:129,1
DA:136,1
DA:140,0
DA:141,0
DA:142,0
DA:144,0
DA:147,0
DA:148,0
DA:149,0
DA:151,0
DA:154,1
LF:46
LH:37
BRDA:96,0,0,1
BRDA:96,0,1,8
BRDA:98,1,0,0
BRDA:98,1,1,8
BRDA:142,2,0,0
BRDA:142,2,1,0
BRDA:149,3,0,0
BRDA:149,3,1,0
BRF:8
BRH:3
end_of_record
